{"/Users/ardeshireshghi/workspace/array-without-fast/lib/array-without.js":{"path":"/Users/ardeshireshghi/workspace/array-without-fast/lib/array-without.js","s":{"1":1,"2":1,"3":1,"4":12,"5":1,"6":13,"7":1,"8":13,"9":1,"10":1,"11":12,"12":12,"13":12,"14":12,"15":6,"16":7,"17":6,"18":6,"19":7,"20":7,"21":6,"22":12,"23":12,"24":12,"25":26,"26":16,"27":12,"28":1,"29":1,"30":1},"b":{"1":[12,0],"2":[2,10],"3":[6,6],"4":[16,10]},"f":{"1":1,"2":12,"3":13,"4":13,"5":12,"6":7,"7":7},"fnMap":{"1":{"name":"(anonymous_1)","line":6,"loc":{"start":{"line":6,"column":19},"end":{"line":6,"column":31}}},"2":{"name":"isArray","line":7,"loc":{"start":{"line":7,"column":16},"end":{"line":7,"column":45}}},"3":{"name":"mapIncludes","line":11,"loc":{"start":{"line":11,"column":20},"end":{"line":11,"column":51}}},"4":{"name":"objectIncludes","line":14,"loc":{"start":{"line":14,"column":23},"end":{"line":14,"column":57}}},"5":{"name":"arrayWithout","line":19,"loc":{"start":{"line":19,"column":2},"end":{"line":19,"column":29}}},"6":{"name":"(anonymous_6)","line":27,"loc":{"start":{"line":27,"column":43},"end":{"line":27,"column":65}}},"7":{"name":"(anonymous_7)","line":32,"loc":{"start":{"line":32,"column":43},"end":{"line":32,"column":65}}}},"statementMap":{"1":{"start":{"line":3,"column":0},"end":{"line":5,"column":3}},"2":{"start":{"line":6,"column":0},"end":{"line":52,"column":4}},"3":{"start":{"line":7,"column":2},"end":{"line":9,"column":4}},"4":{"start":{"line":8,"column":4},"end":{"line":8,"column":124}},"5":{"start":{"line":11,"column":2},"end":{"line":13,"column":4}},"6":{"start":{"line":12,"column":4},"end":{"line":12,"column":24}},"7":{"start":{"line":14,"column":2},"end":{"line":16,"column":4}},"8":{"start":{"line":15,"column":4},"end":{"line":15,"column":22}},"9":{"start":{"line":17,"column":2},"end":{"line":17,"column":24}},"10":{"start":{"line":19,"column":2},"end":{"line":49,"column":3}},"11":{"start":{"line":20,"column":4},"end":{"line":22,"column":5}},"12":{"start":{"line":21,"column":6},"end":{"line":21,"column":43}},"13":{"start":{"line":24,"column":4},"end":{"line":24,"column":70}},"14":{"start":{"line":26,"column":4},"end":{"line":36,"column":5}},"15":{"start":{"line":27,"column":6},"end":{"line":29,"column":20}},"16":{"start":{"line":28,"column":8},"end":{"line":28,"column":37}},"17":{"start":{"line":30,"column":6},"end":{"line":30,"column":29}},"18":{"start":{"line":32,"column":6},"end":{"line":34,"column":13}},"19":{"start":{"line":33,"column":8},"end":{"line":33,"column":27}},"20":{"start":{"line":33,"column":27},"end":{"line":33,"column":38}},"21":{"start":{"line":35,"column":6},"end":{"line":35,"column":32}},"22":{"start":{"line":38,"column":4},"end":{"line":38,"column":21}},"23":{"start":{"line":39,"column":4},"end":{"line":39,"column":28}},"24":{"start":{"line":41,"column":4},"end":{"line":46,"column":5}},"25":{"start":{"line":43,"column":6},"end":{"line":45,"column":7}},"26":{"start":{"line":44,"column":8},"end":{"line":44,"column":29}},"27":{"start":{"line":48,"column":4},"end":{"line":48,"column":19}},"28":{"start":{"line":51,"column":2},"end":{"line":51,"column":22}},"29":{"start":{"line":54,"column":0},"end":{"line":54,"column":31}},"30":{"start":{"line":55,"column":0},"end":{"line":55,"column":36}}},"branchMap":{"1":{"line":8,"type":"cond-expr","locations":[{"start":{"line":8,"column":32},"end":{"line":8,"column":57}},{"start":{"line":8,"column":60},"end":{"line":8,"column":123}}]},"2":{"line":24,"type":"cond-expr","locations":[{"start":{"line":24,"column":47},"end":{"line":24,"column":58}},{"start":{"line":24,"column":61},"end":{"line":24,"column":69}}]},"3":{"line":26,"type":"if","locations":[{"start":{"line":26,"column":4},"end":{"line":26,"column":4}},{"start":{"line":26,"column":4},"end":{"line":26,"column":4}}]},"4":{"line":43,"type":"if","locations":[{"start":{"line":43,"column":6},"end":{"line":43,"column":6}},{"start":{"line":43,"column":6},"end":{"line":43,"column":6}}]}}}}