TN:
SF:/Users/ardeshireshghi/workspace/array-without-fast/lib/array-without.js
FN:6,(anonymous_1)
FN:7,isArray
FN:11,mapIncludes
FN:14,objectIncludes
FN:19,arrayWithout
FN:27,(anonymous_6)
FN:32,(anonymous_7)
FNF:7
FNH:7
FNDA:1,(anonymous_1)
FNDA:12,isArray
FNDA:13,mapIncludes
FNDA:13,objectIncludes
FNDA:12,arrayWithout
FNDA:7,(anonymous_6)
FNDA:7,(anonymous_7)
DA:3,1
DA:6,1
DA:7,1
DA:8,12
DA:11,1
DA:12,13
DA:14,1
DA:15,13
DA:17,1
DA:19,1
DA:20,12
DA:21,12
DA:24,12
DA:26,12
DA:27,6
DA:28,7
DA:30,6
DA:32,6
DA:33,7
DA:35,6
DA:38,12
DA:39,12
DA:41,12
DA:43,26
DA:44,16
DA:48,12
DA:51,1
DA:54,1
DA:55,1
LF:29
LH:29
BRDA:8,1,0,12
BRDA:8,1,1,0
BRDA:24,2,0,2
BRDA:24,2,1,10
BRDA:26,3,0,6
BRDA:26,3,1,6
BRDA:43,4,0,16
BRDA:43,4,1,10
BRF:8
BRH:7
end_of_record
